#! /usr/bin/vvp
:ivl_version "12.0 (stable)" "(v12_0-dirty)";
:ivl_delay_selection "TYPICAL";
:vpi_time_precision + 0;
:vpi_module "/usr/lib/ivl/system.vpi";
:vpi_module "/usr/lib/ivl/vhdl_sys.vpi";
:vpi_module "/usr/lib/ivl/vhdl_textio.vpi";
:vpi_module "/usr/lib/ivl/v2005_math.vpi";
:vpi_module "/usr/lib/ivl/va_math.vpi";
S_0x56240f9c7060 .scope module, "tt_um_experiment_number_six" "tt_um_experiment_number_six" 2 5;
 .timescale 0 0;
    .port_info 0 /INPUT 8 "ui_in";
    .port_info 1 /OUTPUT 8 "uo_out";
    .port_info 2 /INPUT 8 "uio_in";
    .port_info 3 /OUTPUT 8 "uio_out";
    .port_info 4 /OUTPUT 8 "uio_oe";
    .port_info 5 /INPUT 1 "ena";
    .port_info 6 /INPUT 1 "clk";
    .port_info 7 /INPUT 1 "rst_n";
L_0x56240f9c4a00 .functor BUFZ 8, L_0x56240f9f7130, C4<00000000>, C4<00000000>, C4<00000000>;
L_0x56240f9c5f10 .functor BUFZ 8, L_0x56240f9f71d0, C4<00000000>, C4<00000000>, C4<00000000>;
o0x7f9c7daf7048 .functor BUFZ 1, C4<z>; HiZ drive
v0x56240f9f61b0_0 .net "clk", 0 0, o0x7f9c7daf7048;  0 drivers
o0x7f9c7daf74f8 .functor BUFZ 1, C4<z>; HiZ drive
v0x56240f9f6270_0 .net "ena", 0 0, o0x7f9c7daf74f8;  0 drivers
v0x56240f9f6330_0 .net "lhs", 7 0, L_0x56240f9f7130;  1 drivers
v0x56240f9f6430_0 .net "line", 5 0, L_0x56240f9f7330;  1 drivers
v0x56240f9f64d0_0 .net "mem_addr", 7 0, v0x56240f9f5d30_0;  1 drivers
v0x56240f9f6630_0 .net "mem_dout", 15 0, v0x56240f9f5330_0;  1 drivers
v0x56240f9f6740_0 .net "pointer_addr", 11 0, v0x56240f9c4b60_0;  1 drivers
v0x56240f9f6850_0 .net "rhs", 7 0, L_0x56240f9f71d0;  1 drivers
o0x7f9c7daf7348 .functor BUFZ 1, C4<z>; HiZ drive
v0x56240f9f6910_0 .net "rst_n", 0 0, o0x7f9c7daf7348;  0 drivers
o0x7f9c7daf7528 .functor BUFZ 8, C4<zzzzzzzz>; HiZ drive
v0x56240f9f6a40_0 .net "ui_in", 7 0, o0x7f9c7daf7528;  0 drivers
o0x7f9c7daf7558 .functor BUFZ 8, C4<zzzzzzzz>; HiZ drive
v0x56240f9f6ae0_0 .net "uio_in", 7 0, o0x7f9c7daf7558;  0 drivers
L_0x7f9c7daae018 .functor BUFT 1, C4<11111111>, C4<0>, C4<0>, C4<0>;
v0x56240f9f6bc0_0 .net "uio_oe", 7 0, L_0x7f9c7daae018;  1 drivers
v0x56240f9f6ca0_0 .net "uio_out", 7 0, L_0x56240f9c4a00;  1 drivers
v0x56240f9f6d80_0 .net "uo_out", 7 0, L_0x56240f9c5f10;  1 drivers
L_0x56240f9f7330 .part o0x7f9c7daf7528, 0, 6;
S_0x56240f9be670 .scope module, "line_mapper_1" "line_mapper" 2 64, 3 24 0, S_0x56240f9c7060;
 .timescale 0 0;
    .port_info 0 /INPUT 1 "clk";
    .port_info 1 /INPUT 6 "line";
    .port_info 2 /OUTPUT 12 "addr";
v0x56240f9c4b60_0 .var "addr", 11 0;
v0x56240f9c6020_0 .net "clk", 0 0, o0x7f9c7daf7048;  alias, 0 drivers
v0x56240f9f4e00_0 .net "line", 5 0, L_0x56240f9f7330;  alias, 1 drivers
E_0x56240f9d4830 .event posedge, v0x56240f9c6020_0;
S_0x56240f9f4f40 .scope module, "memory_1" "memory" 2 57, 3 1 0, S_0x56240f9c7060;
 .timescale 0 0;
    .port_info 0 /INPUT 8 "addr";
    .port_info 1 /OUTPUT 16 "dout";
    .port_info 2 /INPUT 1 "clk";
v0x56240f9f5170_0 .net "addr", 7 0, v0x56240f9f5d30_0;  alias, 1 drivers
v0x56240f9f5270_0 .net "clk", 0 0, o0x7f9c7daf7048;  alias, 0 drivers
v0x56240f9f5330_0 .var "dout", 15 0;
S_0x56240f9f5430 .scope module, "transformer_1" "transformer" 2 44, 3 40 0, S_0x56240f9c7060;
 .timescale 0 0;
    .port_info 0 /INPUT 6 "line";
    .port_info 1 /INPUT 1 "clk";
    .port_info 2 /INPUT 1 "rst_n";
    .port_info 3 /OUTPUT 8 "lhs";
    .port_info 4 /OUTPUT 8 "rhs";
    .port_info 5 /INPUT 12 "pointer_addr";
    .port_info 6 /OUTPUT 8 "mem_addr";
    .port_info 7 /INPUT 16 "mem_dout";
v0x56240f9f5730_0 .var "char_count", 7 0;
v0x56240f9f57f0_0 .var "char_ptr", 7 0;
v0x56240f9f58d0_0 .net "clk", 0 0, o0x7f9c7daf7048;  alias, 0 drivers
v0x56240f9f59c0_0 .net "lhs", 7 0, L_0x56240f9f7130;  alias, 1 drivers
v0x56240f9f5a80_0 .net "line", 5 0, L_0x56240f9f7330;  alias, 1 drivers
v0x56240f9f5b90_0 .net "line_len", 5 0, L_0x56240f9f7000;  1 drivers
v0x56240f9f5c50_0 .net "line_start", 5 0, L_0x56240f9f6f60;  1 drivers
v0x56240f9f5d30_0 .var "mem_addr", 7 0;
v0x56240f9f5df0_0 .net "mem_dout", 15 0, v0x56240f9f5330_0;  alias, 1 drivers
v0x56240f9f5e90_0 .net "pointer_addr", 11 0, v0x56240f9c4b60_0;  alias, 1 drivers
v0x56240f9f5f30_0 .net "rhs", 7 0, L_0x56240f9f71d0;  alias, 1 drivers
v0x56240f9f5ff0_0 .net "rst_n", 0 0, o0x7f9c7daf7348;  alias, 0 drivers
L_0x56240f9f6f60 .part v0x56240f9c4b60_0, 6, 6;
L_0x56240f9f7000 .part v0x56240f9c4b60_0, 0, 6;
L_0x56240f9f7130 .part v0x56240f9f5330_0, 8, 8;
L_0x56240f9f71d0 .part v0x56240f9f5330_0, 0, 8;
    .scope S_0x56240f9f5430;
T_0 ;
    %wait E_0x56240f9d4830;
    %load/vec4 v0x56240f9f5ff0_0;
    %inv;
    %flag_set/vec4 8;
    %jmp/0xz  T_0.0, 8;
    %load/vec4 v0x56240f9f5c50_0;
    %pad/u 8;
    %assign/vec4 v0x56240f9f57f0_0, 0;
    %pushi/vec4 0, 0, 8;
    %assign/vec4 v0x56240f9f5730_0, 0;
    %jmp T_0.1;
T_0.0 ;
    %load/vec4 v0x56240f9f5730_0;
    %load/vec4 v0x56240f9f5b90_0;
    %pad/u 8;
    %cmp/u;
    %jmp/0xz  T_0.2, 5;
    %load/vec4 v0x56240f9f57f0_0;
    %addi 1, 0, 8;
    %assign/vec4 v0x56240f9f57f0_0, 0;
    %load/vec4 v0x56240f9f5730_0;
    %addi 1, 0, 8;
    %assign/vec4 v0x56240f9f5730_0, 0;
    %jmp T_0.3;
T_0.2 ;
    %pushi/vec4 255, 0, 8;
    %store/vec4 v0x56240f9f57f0_0, 0, 8;
T_0.3 ;
T_0.1 ;
    %jmp T_0;
    .thread T_0;
    .scope S_0x56240f9f4f40;
T_1 ;
    %wait E_0x56240f9d4830;
    %load/vec4 v0x56240f9f5170_0;
    %dup/vec4;
    %pushi/vec4 0, 0, 8;
    %cmp/u;
    %jmp/1 T_1.0, 6;
    %dup/vec4;
    %pushi/vec4 1, 0, 8;
    %cmp/u;
    %jmp/1 T_1.1, 6;
    %dup/vec4;
    %pushi/vec4 2, 0, 8;
    %cmp/u;
    %jmp/1 T_1.2, 6;
    %dup/vec4;
    %pushi/vec4 3, 0, 8;
    %cmp/u;
    %jmp/1 T_1.3, 6;
    %dup/vec4;
    %pushi/vec4 4, 0, 8;
    %cmp/u;
    %jmp/1 T_1.4, 6;
    %dup/vec4;
    %pushi/vec4 5, 0, 8;
    %cmp/u;
    %jmp/1 T_1.5, 6;
    %dup/vec4;
    %pushi/vec4 6, 0, 8;
    %cmp/u;
    %jmp/1 T_1.6, 6;
    %dup/vec4;
    %pushi/vec4 7, 0, 8;
    %cmp/u;
    %jmp/1 T_1.7, 6;
    %pushi/vec4 8224, 0, 16;
    %assign/vec4 v0x56240f9f5330_0, 0;
    %jmp T_1.9;
T_1.0 ;
    %pushi/vec4 12593, 0, 16;
    %assign/vec4 v0x56240f9f5330_0, 0;
    %jmp T_1.9;
T_1.1 ;
    %pushi/vec4 12064, 0, 16;
    %assign/vec4 v0x56240f9f5330_0, 0;
    %jmp T_1.9;
T_1.2 ;
    %pushi/vec4 29472, 0, 16;
    %assign/vec4 v0x56240f9f5330_0, 0;
    %jmp T_1.9;
T_1.3 ;
    %pushi/vec4 12660, 0, 16;
    %assign/vec4 v0x56240f9f5330_0, 0;
    %jmp T_1.9;
T_1.4 ;
    %pushi/vec4 12064, 0, 16;
    %assign/vec4 v0x56240f9f5330_0, 0;
    %jmp T_1.9;
T_1.5 ;
    %pushi/vec4 29472, 0, 16;
    %assign/vec4 v0x56240f9f5330_0, 0;
    %jmp T_1.9;
T_1.6 ;
    %pushi/vec4 24096, 0, 16;
    %assign/vec4 v0x56240f9f5330_0, 0;
    %jmp T_1.9;
T_1.7 ;
    %pushi/vec4 12832, 0, 16;
    %assign/vec4 v0x56240f9f5330_0, 0;
    %jmp T_1.9;
T_1.9 ;
    %pop/vec4 1;
    %jmp T_1;
    .thread T_1;
    .scope S_0x56240f9be670;
T_2 ;
    %wait E_0x56240f9d4830;
    %load/vec4 v0x56240f9f4e00_0;
    %dup/vec4;
    %pushi/vec4 0, 0, 6;
    %cmp/u;
    %jmp/1 T_2.0, 6;
    %dup/vec4;
    %pushi/vec4 1, 0, 6;
    %cmp/u;
    %jmp/1 T_2.1, 6;
    %jmp T_2.2;
T_2.0 ;
    %pushi/vec4 195, 0, 12;
    %assign/vec4 v0x56240f9c4b60_0, 0;
    %jmp T_2.2;
T_2.1 ;
    %pushi/vec4 325, 0, 12;
    %assign/vec4 v0x56240f9c4b60_0, 0;
    %jmp T_2.2;
T_2.2 ;
    %pop/vec4 1;
    %jmp T_2;
    .thread T_2;
# The file index is used to find the file name in the following table.
:file_names 4;
    "N/A";
    "<interactive>";
    "tt_um_experiment_number_six.v";
    "./tex/transforms.v";
